<?xml version="1.0" encoding="UTF-8"?>
<!-- Generated by org.testng.reporters.JUnitReportReporter -->
<testsuite hostname="LTIN509713" failures="0" tests="2" name="miniProject.MultipleValues" time="23.779" errors="0" timestamp="2024-10-24T12:06:31 IST" skipped="0">
  <testcase classname="miniProject.MultipleValues" name="getAlert" time="4.964"/>
  <system-out/>
  <testcase classname="miniProject.MultipleValues" name="fillLogin" time="18.815"/>
  <system-out/>
</testsuite> <!-- miniProject.MultipleValues -->
