<?xml version="1.0" encoding="UTF-8"?>
<!-- Generated by org.testng.reporters.JUnitReportReporter -->
<testsuite hostname="LTIN509713" failures="0" tests="3" name="miniProject.NewTest" time="9.206" errors="0" timestamp="2024-10-24T15:52:40 IST" skipped="0">
  <testcase classname="miniProject.NewTest" name="getAlert" time="4.968"/>
  <system-out/>
  <testcase classname="miniProject.NewTest" name="navigate" time="2.505"/>
  <system-out/>
  <testcase classname="miniProject.NewTest" name="fillLogin" time="1.733"/>
  <system-out/>
</testsuite> <!-- miniProject.NewTest -->
